<component name="libraryTable">
  <library name="junit-4">
    <CLASSES>
      <root url="file://$USER_HOME$/java/junit-4.12" />
      <root url="file://$USER_HOME$/java/hamcrest-core-1.3" />
      <root url="file://$PROJECT_DIR$" />
    </CLASSES>
    <JAVADOC />
    <SOURCES>
      <root url="file://$PROJECT_DIR$/src" />
    </SOURCES>
  </library>
</component>